C:\USERS\V-TUNE\DESKTOP\GROUP10_VERBICKI\LAB_VERBICKIY_2\LAB_VERBICKIY_2\DEBUG\FORM3_2.OBJ
C:\USERS\V-TUNE\DESKTOP\GROUP10_VERBICKI\LAB_VERBICKIY_2\LAB_VERBICKIY_2\DEBUG\FORM3.OBJ
C:\USERS\V-TUNE\DESKTOP\GROUP10_VERBICKI\LAB_VERBICKIY_2\LAB_VERBICKIY_2\DEBUG\VC110.PDB
C:\USERS\V-TUNE\DESKTOP\GROUP10_VERBICKI\LAB_VERBICKIY_2\LAB_VERBICKIY_2\DEBUG\.NETFRAMEWORK,VERSION=V4.5.ASSEMBLYATTRIBUTES.OBJ
C:\Users\V-TUNE\Desktop\group10_Verbicki\Lab_verbickiy_2\Lab_verbickiy_2\Debug\Lab_verbickiy_2.Form3.resources
C:\Users\V-TUNE\Desktop\group10_Verbicki\Lab_verbickiy_2\Lab_verbickiy_2\Debug\Lab_verbickiy_2.Form3_2.resources
C:\USERS\V-TUNE\DESKTOP\GROUP10_VERBICKI\LAB_VERBICKIY_2\DEBUG\LAB_VERBICKIY_2.ILK
C:\USERS\V-TUNE\DESKTOP\GROUP10_VERBICKI\LAB_VERBICKIY_2\DEBUG\LAB_VERBICKIY_2.EXE
C:\USERS\V-TUNE\DESKTOP\GROUP10_VERBICKI\LAB_VERBICKIY_2\DEBUG\LAB_VERBICKIY_2.PDB
C:\Users\V-TUNE\Desktop\group10_Verbicki\Lab_verbickiy_2\Lab_verbickiy_2\Debug\Lab_verbickiy_2.vcxproj.GenerateResource.Cache
C:\Users\V-TUNE\Desktop\group10_Verbicki\Lab_verbickiy_2\Lab_verbickiy_2\Debug\Lab_verbickiy_2.vcxprojResolveAssemblyReference.cache
C:\Users\V-TUNE\Desktop\group10_Verbicki\Lab_verbickiy_2\Lab_verbickiy_2\Debug\.NETFramework,Version=v4.5.AssemblyAttributes.obj
C:\Users\V-TUNE\Desktop\group10_Verbicki\Lab_verbickiy_2\Lab_verbickiy_2\Debug\Form3.obj
C:\Users\V-TUNE\Desktop\group10_Verbicki\Lab_verbickiy_2\Lab_verbickiy_2\Debug\Form3_2.obj
C:\Users\V-TUNE\Desktop\group10_Verbicki\Lab_verbickiy_2\Lab_verbickiy_2\Debug\cl.command.1.tlog
C:\Users\V-TUNE\Desktop\group10_Verbicki\Lab_verbickiy_2\Lab_verbickiy_2\Debug\CL.read.1.tlog
C:\Users\V-TUNE\Desktop\group10_Verbicki\Lab_verbickiy_2\Lab_verbickiy_2\Debug\CL.write.1.tlog
C:\Users\V-TUNE\Desktop\group10_Verbicki\Lab_verbickiy_2\Lab_verbickiy_2\Debug\Lab_verbickiy_2.write.1.tlog
C:\Users\V-TUNE\Desktop\group10_Verbicki\Lab_verbickiy_2\Lab_verbickiy_2\Debug\link.10096-cvtres.read.1.tlog
C:\Users\V-TUNE\Desktop\group10_Verbicki\Lab_verbickiy_2\Lab_verbickiy_2\Debug\link.10096-cvtres.write.1.tlog
C:\Users\V-TUNE\Desktop\group10_Verbicki\Lab_verbickiy_2\Lab_verbickiy_2\Debug\link.10096-rc.read.1.tlog
C:\Users\V-TUNE\Desktop\group10_Verbicki\Lab_verbickiy_2\Lab_verbickiy_2\Debug\link.10096-rc.write.1.tlog
C:\Users\V-TUNE\Desktop\group10_Verbicki\Lab_verbickiy_2\Lab_verbickiy_2\Debug\link.10096.read.1.tlog
C:\Users\V-TUNE\Desktop\group10_Verbicki\Lab_verbickiy_2\Lab_verbickiy_2\Debug\link.10096.write.1.tlog
C:\Users\V-TUNE\Desktop\group10_Verbicki\Lab_verbickiy_2\Lab_verbickiy_2\Debug\link.10148-cvtres.read.1.tlog
C:\Users\V-TUNE\Desktop\group10_Verbicki\Lab_verbickiy_2\Lab_verbickiy_2\Debug\link.10148-cvtres.write.1.tlog
C:\Users\V-TUNE\Desktop\group10_Verbicki\Lab_verbickiy_2\Lab_verbickiy_2\Debug\link.10148-rc.read.1.tlog
C:\Users\V-TUNE\Desktop\group10_Verbicki\Lab_verbickiy_2\Lab_verbickiy_2\Debug\link.10148-rc.write.1.tlog
C:\Users\V-TUNE\Desktop\group10_Verbicki\Lab_verbickiy_2\Lab_verbickiy_2\Debug\link.10148.read.1.tlog
C:\Users\V-TUNE\Desktop\group10_Verbicki\Lab_verbickiy_2\Lab_verbickiy_2\Debug\link.10148.write.1.tlog
C:\Users\V-TUNE\Desktop\group10_Verbicki\Lab_verbickiy_2\Lab_verbickiy_2\Debug\link.10324-cvtres.read.1.tlog
C:\Users\V-TUNE\Desktop\group10_Verbicki\Lab_verbickiy_2\Lab_verbickiy_2\Debug\link.10324-cvtres.write.1.tlog
C:\Users\V-TUNE\Desktop\group10_Verbicki\Lab_verbickiy_2\Lab_verbickiy_2\Debug\link.10324-rc.read.1.tlog
C:\Users\V-TUNE\Desktop\group10_Verbicki\Lab_verbickiy_2\Lab_verbickiy_2\Debug\link.10324-rc.write.1.tlog
C:\Users\V-TUNE\Desktop\group10_Verbicki\Lab_verbickiy_2\Lab_verbickiy_2\Debug\link.10324.read.1.tlog
C:\Users\V-TUNE\Desktop\group10_Verbicki\Lab_verbickiy_2\Lab_verbickiy_2\Debug\link.10324.write.1.tlog
C:\Users\V-TUNE\Desktop\group10_Verbicki\Lab_verbickiy_2\Lab_verbickiy_2\Debug\link.10340-cvtres.read.1.tlog
C:\Users\V-TUNE\Desktop\group10_Verbicki\Lab_verbickiy_2\Lab_verbickiy_2\Debug\link.10340-cvtres.write.1.tlog
C:\Users\V-TUNE\Desktop\group10_Verbicki\Lab_verbickiy_2\Lab_verbickiy_2\Debug\link.10340-rc.read.1.tlog
C:\Users\V-TUNE\Desktop\group10_Verbicki\Lab_verbickiy_2\Lab_verbickiy_2\Debug\link.10340-rc.write.1.tlog
C:\Users\V-TUNE\Desktop\group10_Verbicki\Lab_verbickiy_2\Lab_verbickiy_2\Debug\link.10340.read.1.tlog
C:\Users\V-TUNE\Desktop\group10_Verbicki\Lab_verbickiy_2\Lab_verbickiy_2\Debug\link.10340.write.1.tlog
C:\Users\V-TUNE\Desktop\group10_Verbicki\Lab_verbickiy_2\Lab_verbickiy_2\Debug\link.1060-cvtres.read.1.tlog
C:\Users\V-TUNE\Desktop\group10_Verbicki\Lab_verbickiy_2\Lab_verbickiy_2\Debug\link.1060-cvtres.write.1.tlog
C:\Users\V-TUNE\Desktop\group10_Verbicki\Lab_verbickiy_2\Lab_verbickiy_2\Debug\link.1060-rc.read.1.tlog
C:\Users\V-TUNE\Desktop\group10_Verbicki\Lab_verbickiy_2\Lab_verbickiy_2\Debug\link.1060-rc.write.1.tlog
C:\Users\V-TUNE\Desktop\group10_Verbicki\Lab_verbickiy_2\Lab_verbickiy_2\Debug\link.1060.read.1.tlog
C:\Users\V-TUNE\Desktop\group10_Verbicki\Lab_verbickiy_2\Lab_verbickiy_2\Debug\link.1060.write.1.tlog
C:\Users\V-TUNE\Desktop\group10_Verbicki\Lab_verbickiy_2\Lab_verbickiy_2\Debug\link.10784-cvtres.read.1.tlog
C:\Users\V-TUNE\Desktop\group10_Verbicki\Lab_verbickiy_2\Lab_verbickiy_2\Debug\link.10784-cvtres.write.1.tlog
C:\Users\V-TUNE\Desktop\group10_Verbicki\Lab_verbickiy_2\Lab_verbickiy_2\Debug\link.10784-rc.read.1.tlog
C:\Users\V-TUNE\Desktop\group10_Verbicki\Lab_verbickiy_2\Lab_verbickiy_2\Debug\link.10784-rc.write.1.tlog
C:\Users\V-TUNE\Desktop\group10_Verbicki\Lab_verbickiy_2\Lab_verbickiy_2\Debug\link.10784.read.1.tlog
C:\Users\V-TUNE\Desktop\group10_Verbicki\Lab_verbickiy_2\Lab_verbickiy_2\Debug\link.10784.write.1.tlog
C:\Users\V-TUNE\Desktop\group10_Verbicki\Lab_verbickiy_2\Lab_verbickiy_2\Debug\link.10916-cvtres.read.1.tlog
C:\Users\V-TUNE\Desktop\group10_Verbicki\Lab_verbickiy_2\Lab_verbickiy_2\Debug\link.10916-cvtres.write.1.tlog
C:\Users\V-TUNE\Desktop\group10_Verbicki\Lab_verbickiy_2\Lab_verbickiy_2\Debug\link.10916-rc.read.1.tlog
C:\Users\V-TUNE\Desktop\group10_Verbicki\Lab_verbickiy_2\Lab_verbickiy_2\Debug\link.10916-rc.write.1.tlog
C:\Users\V-TUNE\Desktop\group10_Verbicki\Lab_verbickiy_2\Lab_verbickiy_2\Debug\link.10916.read.1.tlog
C:\Users\V-TUNE\Desktop\group10_Verbicki\Lab_verbickiy_2\Lab_verbickiy_2\Debug\link.10916.write.1.tlog
C:\Users\V-TUNE\Desktop\group10_Verbicki\Lab_verbickiy_2\Lab_verbickiy_2\Debug\link.11240-cvtres.read.1.tlog
C:\Users\V-TUNE\Desktop\group10_Verbicki\Lab_verbickiy_2\Lab_verbickiy_2\Debug\link.11240-cvtres.write.1.tlog
C:\Users\V-TUNE\Desktop\group10_Verbicki\Lab_verbickiy_2\Lab_verbickiy_2\Debug\link.11240-rc.read.1.tlog
C:\Users\V-TUNE\Desktop\group10_Verbicki\Lab_verbickiy_2\Lab_verbickiy_2\Debug\link.11240-rc.write.1.tlog
C:\Users\V-TUNE\Desktop\group10_Verbicki\Lab_verbickiy_2\Lab_verbickiy_2\Debug\link.11240.read.1.tlog
C:\Users\V-TUNE\Desktop\group10_Verbicki\Lab_verbickiy_2\Lab_verbickiy_2\Debug\link.11240.write.1.tlog
C:\Users\V-TUNE\Desktop\group10_Verbicki\Lab_verbickiy_2\Lab_verbickiy_2\Debug\link.11284-cvtres.read.1.tlog
C:\Users\V-TUNE\Desktop\group10_Verbicki\Lab_verbickiy_2\Lab_verbickiy_2\Debug\link.11284-cvtres.write.1.tlog
C:\Users\V-TUNE\Desktop\group10_Verbicki\Lab_verbickiy_2\Lab_verbickiy_2\Debug\link.11284-rc.read.1.tlog
C:\Users\V-TUNE\Desktop\group10_Verbicki\Lab_verbickiy_2\Lab_verbickiy_2\Debug\link.11284-rc.write.1.tlog
C:\Users\V-TUNE\Desktop\group10_Verbicki\Lab_verbickiy_2\Lab_verbickiy_2\Debug\link.11284.read.1.tlog
C:\Users\V-TUNE\Desktop\group10_Verbicki\Lab_verbickiy_2\Lab_verbickiy_2\Debug\link.11284.write.1.tlog
C:\Users\V-TUNE\Desktop\group10_Verbicki\Lab_verbickiy_2\Lab_verbickiy_2\Debug\link.1136-cvtres.read.1.tlog
C:\Users\V-TUNE\Desktop\group10_Verbicki\Lab_verbickiy_2\Lab_verbickiy_2\Debug\link.1136-cvtres.write.1.tlog
C:\Users\V-TUNE\Desktop\group10_Verbicki\Lab_verbickiy_2\Lab_verbickiy_2\Debug\link.1136-rc.read.1.tlog
C:\Users\V-TUNE\Desktop\group10_Verbicki\Lab_verbickiy_2\Lab_verbickiy_2\Debug\link.1136-rc.write.1.tlog
C:\Users\V-TUNE\Desktop\group10_Verbicki\Lab_verbickiy_2\Lab_verbickiy_2\Debug\link.1136.read.1.tlog
C:\Users\V-TUNE\Desktop\group10_Verbicki\Lab_verbickiy_2\Lab_verbickiy_2\Debug\link.1136.write.1.tlog
C:\Users\V-TUNE\Desktop\group10_Verbicki\Lab_verbickiy_2\Lab_verbickiy_2\Debug\link.11564-cvtres.read.1.tlog
C:\Users\V-TUNE\Desktop\group10_Verbicki\Lab_verbickiy_2\Lab_verbickiy_2\Debug\link.11564-cvtres.write.1.tlog
C:\Users\V-TUNE\Desktop\group10_Verbicki\Lab_verbickiy_2\Lab_verbickiy_2\Debug\link.11564-rc.read.1.tlog
C:\Users\V-TUNE\Desktop\group10_Verbicki\Lab_verbickiy_2\Lab_verbickiy_2\Debug\link.11564-rc.write.1.tlog
C:\Users\V-TUNE\Desktop\group10_Verbicki\Lab_verbickiy_2\Lab_verbickiy_2\Debug\link.11564.read.1.tlog
C:\Users\V-TUNE\Desktop\group10_Verbicki\Lab_verbickiy_2\Lab_verbickiy_2\Debug\link.11564.write.1.tlog
C:\Users\V-TUNE\Desktop\group10_Verbicki\Lab_verbickiy_2\Lab_verbickiy_2\Debug\link.11992-cvtres.read.1.tlog
C:\Users\V-TUNE\Desktop\group10_Verbicki\Lab_verbickiy_2\Lab_verbickiy_2\Debug\link.11992-cvtres.write.1.tlog
C:\Users\V-TUNE\Desktop\group10_Verbicki\Lab_verbickiy_2\Lab_verbickiy_2\Debug\link.11992-rc.read.1.tlog
C:\Users\V-TUNE\Desktop\group10_Verbicki\Lab_verbickiy_2\Lab_verbickiy_2\Debug\link.11992-rc.write.1.tlog
C:\Users\V-TUNE\Desktop\group10_Verbicki\Lab_verbickiy_2\Lab_verbickiy_2\Debug\link.11992.read.1.tlog
C:\Users\V-TUNE\Desktop\group10_Verbicki\Lab_verbickiy_2\Lab_verbickiy_2\Debug\link.11992.write.1.tlog
C:\Users\V-TUNE\Desktop\group10_Verbicki\Lab_verbickiy_2\Lab_verbickiy_2\Debug\link.12064-cvtres.read.1.tlog
C:\Users\V-TUNE\Desktop\group10_Verbicki\Lab_verbickiy_2\Lab_verbickiy_2\Debug\link.12064-cvtres.write.1.tlog
C:\Users\V-TUNE\Desktop\group10_Verbicki\Lab_verbickiy_2\Lab_verbickiy_2\Debug\link.12064-rc.read.1.tlog
C:\Users\V-TUNE\Desktop\group10_Verbicki\Lab_verbickiy_2\Lab_verbickiy_2\Debug\link.12064-rc.write.1.tlog
C:\Users\V-TUNE\Desktop\group10_Verbicki\Lab_verbickiy_2\Lab_verbickiy_2\Debug\link.12064.read.1.tlog
C:\Users\V-TUNE\Desktop\group10_Verbicki\Lab_verbickiy_2\Lab_verbickiy_2\Debug\link.12064.write.1.tlog
C:\Users\V-TUNE\Desktop\group10_Verbicki\Lab_verbickiy_2\Lab_verbickiy_2\Debug\link.12200-cvtres.read.1.tlog
C:\Users\V-TUNE\Desktop\group10_Verbicki\Lab_verbickiy_2\Lab_verbickiy_2\Debug\link.12200-cvtres.write.1.tlog
C:\Users\V-TUNE\Desktop\group10_Verbicki\Lab_verbickiy_2\Lab_verbickiy_2\Debug\link.12200-rc.read.1.tlog
C:\Users\V-TUNE\Desktop\group10_Verbicki\Lab_verbickiy_2\Lab_verbickiy_2\Debug\link.12200-rc.write.1.tlog
C:\Users\V-TUNE\Desktop\group10_Verbicki\Lab_verbickiy_2\Lab_verbickiy_2\Debug\link.12200.read.1.tlog
C:\Users\V-TUNE\Desktop\group10_Verbicki\Lab_verbickiy_2\Lab_verbickiy_2\Debug\link.12200.write.1.tlog
C:\Users\V-TUNE\Desktop\group10_Verbicki\Lab_verbickiy_2\Lab_verbickiy_2\Debug\link.12204-cvtres.read.1.tlog
C:\Users\V-TUNE\Desktop\group10_Verbicki\Lab_verbickiy_2\Lab_verbickiy_2\Debug\link.12204-cvtres.write.1.tlog
C:\Users\V-TUNE\Desktop\group10_Verbicki\Lab_verbickiy_2\Lab_verbickiy_2\Debug\link.12204-rc.read.1.tlog
C:\Users\V-TUNE\Desktop\group10_Verbicki\Lab_verbickiy_2\Lab_verbickiy_2\Debug\link.12204-rc.write.1.tlog
C:\Users\V-TUNE\Desktop\group10_Verbicki\Lab_verbickiy_2\Lab_verbickiy_2\Debug\link.12204.read.1.tlog
C:\Users\V-TUNE\Desktop\group10_Verbicki\Lab_verbickiy_2\Lab_verbickiy_2\Debug\link.12204.write.1.tlog
C:\Users\V-TUNE\Desktop\group10_Verbicki\Lab_verbickiy_2\Lab_verbickiy_2\Debug\link.12212-cvtres.read.1.tlog
C:\Users\V-TUNE\Desktop\group10_Verbicki\Lab_verbickiy_2\Lab_verbickiy_2\Debug\link.12212-cvtres.write.1.tlog
C:\Users\V-TUNE\Desktop\group10_Verbicki\Lab_verbickiy_2\Lab_verbickiy_2\Debug\link.12212-rc.read.1.tlog
C:\Users\V-TUNE\Desktop\group10_Verbicki\Lab_verbickiy_2\Lab_verbickiy_2\Debug\link.12212-rc.write.1.tlog
C:\Users\V-TUNE\Desktop\group10_Verbicki\Lab_verbickiy_2\Lab_verbickiy_2\Debug\link.12212.read.1.tlog
C:\Users\V-TUNE\Desktop\group10_Verbicki\Lab_verbickiy_2\Lab_verbickiy_2\Debug\link.12212.write.1.tlog
C:\Users\V-TUNE\Desktop\group10_Verbicki\Lab_verbickiy_2\Lab_verbickiy_2\Debug\link.12536-cvtres.read.1.tlog
C:\Users\V-TUNE\Desktop\group10_Verbicki\Lab_verbickiy_2\Lab_verbickiy_2\Debug\link.12536-cvtres.write.1.tlog
C:\Users\V-TUNE\Desktop\group10_Verbicki\Lab_verbickiy_2\Lab_verbickiy_2\Debug\link.12536-rc.read.1.tlog
C:\Users\V-TUNE\Desktop\group10_Verbicki\Lab_verbickiy_2\Lab_verbickiy_2\Debug\link.12536-rc.write.1.tlog
C:\Users\V-TUNE\Desktop\group10_Verbicki\Lab_verbickiy_2\Lab_verbickiy_2\Debug\link.12536.read.1.tlog
C:\Users\V-TUNE\Desktop\group10_Verbicki\Lab_verbickiy_2\Lab_verbickiy_2\Debug\link.12536.write.1.tlog
C:\Users\V-TUNE\Desktop\group10_Verbicki\Lab_verbickiy_2\Lab_verbickiy_2\Debug\link.12596-cvtres.read.1.tlog
C:\Users\V-TUNE\Desktop\group10_Verbicki\Lab_verbickiy_2\Lab_verbickiy_2\Debug\link.12596-cvtres.write.1.tlog
C:\Users\V-TUNE\Desktop\group10_Verbicki\Lab_verbickiy_2\Lab_verbickiy_2\Debug\link.12596-rc.read.1.tlog
C:\Users\V-TUNE\Desktop\group10_Verbicki\Lab_verbickiy_2\Lab_verbickiy_2\Debug\link.12596-rc.write.1.tlog
C:\Users\V-TUNE\Desktop\group10_Verbicki\Lab_verbickiy_2\Lab_verbickiy_2\Debug\link.12596.read.1.tlog
C:\Users\V-TUNE\Desktop\group10_Verbicki\Lab_verbickiy_2\Lab_verbickiy_2\Debug\link.12596.write.1.tlog
C:\Users\V-TUNE\Desktop\group10_Verbicki\Lab_verbickiy_2\Lab_verbickiy_2\Debug\link.13020-cvtres.read.1.tlog
C:\Users\V-TUNE\Desktop\group10_Verbicki\Lab_verbickiy_2\Lab_verbickiy_2\Debug\link.13020-cvtres.write.1.tlog
C:\Users\V-TUNE\Desktop\group10_Verbicki\Lab_verbickiy_2\Lab_verbickiy_2\Debug\link.13020-rc.read.1.tlog
C:\Users\V-TUNE\Desktop\group10_Verbicki\Lab_verbickiy_2\Lab_verbickiy_2\Debug\link.13020-rc.write.1.tlog
C:\Users\V-TUNE\Desktop\group10_Verbicki\Lab_verbickiy_2\Lab_verbickiy_2\Debug\link.13020.read.1.tlog
C:\Users\V-TUNE\Desktop\group10_Verbicki\Lab_verbickiy_2\Lab_verbickiy_2\Debug\link.13020.write.1.tlog
C:\Users\V-TUNE\Desktop\group10_Verbicki\Lab_verbickiy_2\Lab_verbickiy_2\Debug\link.13100-cvtres.read.1.tlog
C:\Users\V-TUNE\Desktop\group10_Verbicki\Lab_verbickiy_2\Lab_verbickiy_2\Debug\link.13100-cvtres.write.1.tlog
C:\Users\V-TUNE\Desktop\group10_Verbicki\Lab_verbickiy_2\Lab_verbickiy_2\Debug\link.13100-rc.read.1.tlog
C:\Users\V-TUNE\Desktop\group10_Verbicki\Lab_verbickiy_2\Lab_verbickiy_2\Debug\link.13100-rc.write.1.tlog
C:\Users\V-TUNE\Desktop\group10_Verbicki\Lab_verbickiy_2\Lab_verbickiy_2\Debug\link.13100.read.1.tlog
C:\Users\V-TUNE\Desktop\group10_Verbicki\Lab_verbickiy_2\Lab_verbickiy_2\Debug\link.13100.write.1.tlog
C:\Users\V-TUNE\Desktop\group10_Verbicki\Lab_verbickiy_2\Lab_verbickiy_2\Debug\link.13148-cvtres.read.1.tlog
C:\Users\V-TUNE\Desktop\group10_Verbicki\Lab_verbickiy_2\Lab_verbickiy_2\Debug\link.13148-cvtres.write.1.tlog
C:\Users\V-TUNE\Desktop\group10_Verbicki\Lab_verbickiy_2\Lab_verbickiy_2\Debug\link.13148-rc.read.1.tlog
C:\Users\V-TUNE\Desktop\group10_Verbicki\Lab_verbickiy_2\Lab_verbickiy_2\Debug\link.13148-rc.write.1.tlog
C:\Users\V-TUNE\Desktop\group10_Verbicki\Lab_verbickiy_2\Lab_verbickiy_2\Debug\link.13148.read.1.tlog
C:\Users\V-TUNE\Desktop\group10_Verbicki\Lab_verbickiy_2\Lab_verbickiy_2\Debug\link.13148.write.1.tlog
C:\Users\V-TUNE\Desktop\group10_Verbicki\Lab_verbickiy_2\Lab_verbickiy_2\Debug\link.1408-cvtres.read.1.tlog
C:\Users\V-TUNE\Desktop\group10_Verbicki\Lab_verbickiy_2\Lab_verbickiy_2\Debug\link.1408-cvtres.write.1.tlog
C:\Users\V-TUNE\Desktop\group10_Verbicki\Lab_verbickiy_2\Lab_verbickiy_2\Debug\link.1408-rc.read.1.tlog
C:\Users\V-TUNE\Desktop\group10_Verbicki\Lab_verbickiy_2\Lab_verbickiy_2\Debug\link.1408-rc.write.1.tlog
C:\Users\V-TUNE\Desktop\group10_Verbicki\Lab_verbickiy_2\Lab_verbickiy_2\Debug\link.1408.read.1.tlog
C:\Users\V-TUNE\Desktop\group10_Verbicki\Lab_verbickiy_2\Lab_verbickiy_2\Debug\link.1408.write.1.tlog
C:\Users\V-TUNE\Desktop\group10_Verbicki\Lab_verbickiy_2\Lab_verbickiy_2\Debug\link.2144-cvtres.read.1.tlog
C:\Users\V-TUNE\Desktop\group10_Verbicki\Lab_verbickiy_2\Lab_verbickiy_2\Debug\link.2144-cvtres.write.1.tlog
C:\Users\V-TUNE\Desktop\group10_Verbicki\Lab_verbickiy_2\Lab_verbickiy_2\Debug\link.2144-rc.read.1.tlog
C:\Users\V-TUNE\Desktop\group10_Verbicki\Lab_verbickiy_2\Lab_verbickiy_2\Debug\link.2144-rc.write.1.tlog
C:\Users\V-TUNE\Desktop\group10_Verbicki\Lab_verbickiy_2\Lab_verbickiy_2\Debug\link.2144.read.1.tlog
C:\Users\V-TUNE\Desktop\group10_Verbicki\Lab_verbickiy_2\Lab_verbickiy_2\Debug\link.2144.write.1.tlog
C:\Users\V-TUNE\Desktop\group10_Verbicki\Lab_verbickiy_2\Lab_verbickiy_2\Debug\link.2220-cvtres.read.1.tlog
C:\Users\V-TUNE\Desktop\group10_Verbicki\Lab_verbickiy_2\Lab_verbickiy_2\Debug\link.2220-cvtres.write.1.tlog
C:\Users\V-TUNE\Desktop\group10_Verbicki\Lab_verbickiy_2\Lab_verbickiy_2\Debug\link.2220-rc.read.1.tlog
C:\Users\V-TUNE\Desktop\group10_Verbicki\Lab_verbickiy_2\Lab_verbickiy_2\Debug\link.2220-rc.write.1.tlog
C:\Users\V-TUNE\Desktop\group10_Verbicki\Lab_verbickiy_2\Lab_verbickiy_2\Debug\link.2220.read.1.tlog
C:\Users\V-TUNE\Desktop\group10_Verbicki\Lab_verbickiy_2\Lab_verbickiy_2\Debug\link.2220.write.1.tlog
C:\Users\V-TUNE\Desktop\group10_Verbicki\Lab_verbickiy_2\Lab_verbickiy_2\Debug\link.2248-cvtres.read.1.tlog
C:\Users\V-TUNE\Desktop\group10_Verbicki\Lab_verbickiy_2\Lab_verbickiy_2\Debug\link.2248-cvtres.write.1.tlog
C:\Users\V-TUNE\Desktop\group10_Verbicki\Lab_verbickiy_2\Lab_verbickiy_2\Debug\link.2248-rc.read.1.tlog
C:\Users\V-TUNE\Desktop\group10_Verbicki\Lab_verbickiy_2\Lab_verbickiy_2\Debug\link.2248-rc.write.1.tlog
C:\Users\V-TUNE\Desktop\group10_Verbicki\Lab_verbickiy_2\Lab_verbickiy_2\Debug\link.2248.read.1.tlog
C:\Users\V-TUNE\Desktop\group10_Verbicki\Lab_verbickiy_2\Lab_verbickiy_2\Debug\link.2248.write.1.tlog
C:\Users\V-TUNE\Desktop\group10_Verbicki\Lab_verbickiy_2\Lab_verbickiy_2\Debug\link.2448-cvtres.read.1.tlog
C:\Users\V-TUNE\Desktop\group10_Verbicki\Lab_verbickiy_2\Lab_verbickiy_2\Debug\link.2448-cvtres.write.1.tlog
C:\Users\V-TUNE\Desktop\group10_Verbicki\Lab_verbickiy_2\Lab_verbickiy_2\Debug\link.2448-rc.read.1.tlog
C:\Users\V-TUNE\Desktop\group10_Verbicki\Lab_verbickiy_2\Lab_verbickiy_2\Debug\link.2448-rc.write.1.tlog
C:\Users\V-TUNE\Desktop\group10_Verbicki\Lab_verbickiy_2\Lab_verbickiy_2\Debug\link.2448.read.1.tlog
C:\Users\V-TUNE\Desktop\group10_Verbicki\Lab_verbickiy_2\Lab_verbickiy_2\Debug\link.2448.write.1.tlog
C:\Users\V-TUNE\Desktop\group10_Verbicki\Lab_verbickiy_2\Lab_verbickiy_2\Debug\link.2556-cvtres.read.1.tlog
C:\Users\V-TUNE\Desktop\group10_Verbicki\Lab_verbickiy_2\Lab_verbickiy_2\Debug\link.2556-cvtres.write.1.tlog
C:\Users\V-TUNE\Desktop\group10_Verbicki\Lab_verbickiy_2\Lab_verbickiy_2\Debug\link.2556-rc.read.1.tlog
C:\Users\V-TUNE\Desktop\group10_Verbicki\Lab_verbickiy_2\Lab_verbickiy_2\Debug\link.2556-rc.write.1.tlog
C:\Users\V-TUNE\Desktop\group10_Verbicki\Lab_verbickiy_2\Lab_verbickiy_2\Debug\link.2556.read.1.tlog
C:\Users\V-TUNE\Desktop\group10_Verbicki\Lab_verbickiy_2\Lab_verbickiy_2\Debug\link.2556.write.1.tlog
C:\Users\V-TUNE\Desktop\group10_Verbicki\Lab_verbickiy_2\Lab_verbickiy_2\Debug\link.2632-cvtres.read.1.tlog
C:\Users\V-TUNE\Desktop\group10_Verbicki\Lab_verbickiy_2\Lab_verbickiy_2\Debug\link.2632-cvtres.write.1.tlog
C:\Users\V-TUNE\Desktop\group10_Verbicki\Lab_verbickiy_2\Lab_verbickiy_2\Debug\link.2632-rc.read.1.tlog
C:\Users\V-TUNE\Desktop\group10_Verbicki\Lab_verbickiy_2\Lab_verbickiy_2\Debug\link.2632-rc.write.1.tlog
C:\Users\V-TUNE\Desktop\group10_Verbicki\Lab_verbickiy_2\Lab_verbickiy_2\Debug\link.2632.read.1.tlog
C:\Users\V-TUNE\Desktop\group10_Verbicki\Lab_verbickiy_2\Lab_verbickiy_2\Debug\link.2632.write.1.tlog
C:\Users\V-TUNE\Desktop\group10_Verbicki\Lab_verbickiy_2\Lab_verbickiy_2\Debug\link.268-cvtres.read.1.tlog
C:\Users\V-TUNE\Desktop\group10_Verbicki\Lab_verbickiy_2\Lab_verbickiy_2\Debug\link.268-cvtres.write.1.tlog
C:\Users\V-TUNE\Desktop\group10_Verbicki\Lab_verbickiy_2\Lab_verbickiy_2\Debug\link.268-rc.read.1.tlog
C:\Users\V-TUNE\Desktop\group10_Verbicki\Lab_verbickiy_2\Lab_verbickiy_2\Debug\link.268-rc.write.1.tlog
C:\Users\V-TUNE\Desktop\group10_Verbicki\Lab_verbickiy_2\Lab_verbickiy_2\Debug\link.268.read.1.tlog
C:\Users\V-TUNE\Desktop\group10_Verbicki\Lab_verbickiy_2\Lab_verbickiy_2\Debug\link.268.write.1.tlog
C:\Users\V-TUNE\Desktop\group10_Verbicki\Lab_verbickiy_2\Lab_verbickiy_2\Debug\link.2868-cvtres.read.1.tlog
C:\Users\V-TUNE\Desktop\group10_Verbicki\Lab_verbickiy_2\Lab_verbickiy_2\Debug\link.2868-cvtres.write.1.tlog
C:\Users\V-TUNE\Desktop\group10_Verbicki\Lab_verbickiy_2\Lab_verbickiy_2\Debug\link.2868-rc.read.1.tlog
C:\Users\V-TUNE\Desktop\group10_Verbicki\Lab_verbickiy_2\Lab_verbickiy_2\Debug\link.2868-rc.write.1.tlog
C:\Users\V-TUNE\Desktop\group10_Verbicki\Lab_verbickiy_2\Lab_verbickiy_2\Debug\link.2868.read.1.tlog
C:\Users\V-TUNE\Desktop\group10_Verbicki\Lab_verbickiy_2\Lab_verbickiy_2\Debug\link.2868.write.1.tlog
C:\Users\V-TUNE\Desktop\group10_Verbicki\Lab_verbickiy_2\Lab_verbickiy_2\Debug\link.2924-cvtres.read.1.tlog
C:\Users\V-TUNE\Desktop\group10_Verbicki\Lab_verbickiy_2\Lab_verbickiy_2\Debug\link.2924-cvtres.write.1.tlog
C:\Users\V-TUNE\Desktop\group10_Verbicki\Lab_verbickiy_2\Lab_verbickiy_2\Debug\link.2924-rc.read.1.tlog
C:\Users\V-TUNE\Desktop\group10_Verbicki\Lab_verbickiy_2\Lab_verbickiy_2\Debug\link.2924-rc.write.1.tlog
C:\Users\V-TUNE\Desktop\group10_Verbicki\Lab_verbickiy_2\Lab_verbickiy_2\Debug\link.2924.read.1.tlog
C:\Users\V-TUNE\Desktop\group10_Verbicki\Lab_verbickiy_2\Lab_verbickiy_2\Debug\link.2924.write.1.tlog
C:\Users\V-TUNE\Desktop\group10_Verbicki\Lab_verbickiy_2\Lab_verbickiy_2\Debug\link.3500-cvtres.read.1.tlog
C:\Users\V-TUNE\Desktop\group10_Verbicki\Lab_verbickiy_2\Lab_verbickiy_2\Debug\link.3500-cvtres.write.1.tlog
C:\Users\V-TUNE\Desktop\group10_Verbicki\Lab_verbickiy_2\Lab_verbickiy_2\Debug\link.3500-rc.read.1.tlog
C:\Users\V-TUNE\Desktop\group10_Verbicki\Lab_verbickiy_2\Lab_verbickiy_2\Debug\link.3500-rc.write.1.tlog
C:\Users\V-TUNE\Desktop\group10_Verbicki\Lab_verbickiy_2\Lab_verbickiy_2\Debug\link.3500.read.1.tlog
C:\Users\V-TUNE\Desktop\group10_Verbicki\Lab_verbickiy_2\Lab_verbickiy_2\Debug\link.3500.write.1.tlog
C:\Users\V-TUNE\Desktop\group10_Verbicki\Lab_verbickiy_2\Lab_verbickiy_2\Debug\link.3828-cvtres.read.1.tlog
C:\Users\V-TUNE\Desktop\group10_Verbicki\Lab_verbickiy_2\Lab_verbickiy_2\Debug\link.3828-cvtres.write.1.tlog
C:\Users\V-TUNE\Desktop\group10_Verbicki\Lab_verbickiy_2\Lab_verbickiy_2\Debug\link.3828-rc.read.1.tlog
C:\Users\V-TUNE\Desktop\group10_Verbicki\Lab_verbickiy_2\Lab_verbickiy_2\Debug\link.3828-rc.write.1.tlog
C:\Users\V-TUNE\Desktop\group10_Verbicki\Lab_verbickiy_2\Lab_verbickiy_2\Debug\link.3828.read.1.tlog
C:\Users\V-TUNE\Desktop\group10_Verbicki\Lab_verbickiy_2\Lab_verbickiy_2\Debug\link.3828.write.1.tlog
C:\Users\V-TUNE\Desktop\group10_Verbicki\Lab_verbickiy_2\Lab_verbickiy_2\Debug\link.3864-cvtres.read.1.tlog
C:\Users\V-TUNE\Desktop\group10_Verbicki\Lab_verbickiy_2\Lab_verbickiy_2\Debug\link.3864-cvtres.write.1.tlog
C:\Users\V-TUNE\Desktop\group10_Verbicki\Lab_verbickiy_2\Lab_verbickiy_2\Debug\link.3864-rc.read.1.tlog
C:\Users\V-TUNE\Desktop\group10_Verbicki\Lab_verbickiy_2\Lab_verbickiy_2\Debug\link.3864-rc.write.1.tlog
C:\Users\V-TUNE\Desktop\group10_Verbicki\Lab_verbickiy_2\Lab_verbickiy_2\Debug\link.3864.read.1.tlog
C:\Users\V-TUNE\Desktop\group10_Verbicki\Lab_verbickiy_2\Lab_verbickiy_2\Debug\link.3864.write.1.tlog
C:\Users\V-TUNE\Desktop\group10_Verbicki\Lab_verbickiy_2\Lab_verbickiy_2\Debug\link.3892-cvtres.read.1.tlog
C:\Users\V-TUNE\Desktop\group10_Verbicki\Lab_verbickiy_2\Lab_verbickiy_2\Debug\link.3892-cvtres.write.1.tlog
C:\Users\V-TUNE\Desktop\group10_Verbicki\Lab_verbickiy_2\Lab_verbickiy_2\Debug\link.3892-rc.read.1.tlog
C:\Users\V-TUNE\Desktop\group10_Verbicki\Lab_verbickiy_2\Lab_verbickiy_2\Debug\link.3892-rc.write.1.tlog
C:\Users\V-TUNE\Desktop\group10_Verbicki\Lab_verbickiy_2\Lab_verbickiy_2\Debug\link.3892.read.1.tlog
C:\Users\V-TUNE\Desktop\group10_Verbicki\Lab_verbickiy_2\Lab_verbickiy_2\Debug\link.3892.write.1.tlog
C:\Users\V-TUNE\Desktop\group10_Verbicki\Lab_verbickiy_2\Lab_verbickiy_2\Debug\link.3948-cvtres.read.1.tlog
C:\Users\V-TUNE\Desktop\group10_Verbicki\Lab_verbickiy_2\Lab_verbickiy_2\Debug\link.3948-cvtres.write.1.tlog
C:\Users\V-TUNE\Desktop\group10_Verbicki\Lab_verbickiy_2\Lab_verbickiy_2\Debug\link.3948-rc.read.1.tlog
C:\Users\V-TUNE\Desktop\group10_Verbicki\Lab_verbickiy_2\Lab_verbickiy_2\Debug\link.3948-rc.write.1.tlog
C:\Users\V-TUNE\Desktop\group10_Verbicki\Lab_verbickiy_2\Lab_verbickiy_2\Debug\link.3948.read.1.tlog
C:\Users\V-TUNE\Desktop\group10_Verbicki\Lab_verbickiy_2\Lab_verbickiy_2\Debug\link.3948.write.1.tlog
C:\Users\V-TUNE\Desktop\group10_Verbicki\Lab_verbickiy_2\Lab_verbickiy_2\Debug\link.4792-cvtres.read.1.tlog
C:\Users\V-TUNE\Desktop\group10_Verbicki\Lab_verbickiy_2\Lab_verbickiy_2\Debug\link.4792-cvtres.write.1.tlog
C:\Users\V-TUNE\Desktop\group10_Verbicki\Lab_verbickiy_2\Lab_verbickiy_2\Debug\link.4792-rc.read.1.tlog
C:\Users\V-TUNE\Desktop\group10_Verbicki\Lab_verbickiy_2\Lab_verbickiy_2\Debug\link.4792-rc.write.1.tlog
C:\Users\V-TUNE\Desktop\group10_Verbicki\Lab_verbickiy_2\Lab_verbickiy_2\Debug\link.4792.read.1.tlog
C:\Users\V-TUNE\Desktop\group10_Verbicki\Lab_verbickiy_2\Lab_verbickiy_2\Debug\link.4792.write.1.tlog
C:\Users\V-TUNE\Desktop\group10_Verbicki\Lab_verbickiy_2\Lab_verbickiy_2\Debug\link.4812-cvtres.read.1.tlog
C:\Users\V-TUNE\Desktop\group10_Verbicki\Lab_verbickiy_2\Lab_verbickiy_2\Debug\link.4812-cvtres.write.1.tlog
C:\Users\V-TUNE\Desktop\group10_Verbicki\Lab_verbickiy_2\Lab_verbickiy_2\Debug\link.4812-rc.read.1.tlog
C:\Users\V-TUNE\Desktop\group10_Verbicki\Lab_verbickiy_2\Lab_verbickiy_2\Debug\link.4812-rc.write.1.tlog
C:\Users\V-TUNE\Desktop\group10_Verbicki\Lab_verbickiy_2\Lab_verbickiy_2\Debug\link.4812.read.1.tlog
C:\Users\V-TUNE\Desktop\group10_Verbicki\Lab_verbickiy_2\Lab_verbickiy_2\Debug\link.4812.write.1.tlog
C:\Users\V-TUNE\Desktop\group10_Verbicki\Lab_verbickiy_2\Lab_verbickiy_2\Debug\link.4924-cvtres.read.1.tlog
C:\Users\V-TUNE\Desktop\group10_Verbicki\Lab_verbickiy_2\Lab_verbickiy_2\Debug\link.4924-cvtres.write.1.tlog
C:\Users\V-TUNE\Desktop\group10_Verbicki\Lab_verbickiy_2\Lab_verbickiy_2\Debug\link.4924-rc.read.1.tlog
C:\Users\V-TUNE\Desktop\group10_Verbicki\Lab_verbickiy_2\Lab_verbickiy_2\Debug\link.4924-rc.write.1.tlog
C:\Users\V-TUNE\Desktop\group10_Verbicki\Lab_verbickiy_2\Lab_verbickiy_2\Debug\link.4924.read.1.tlog
C:\Users\V-TUNE\Desktop\group10_Verbicki\Lab_verbickiy_2\Lab_verbickiy_2\Debug\link.4924.write.1.tlog
C:\Users\V-TUNE\Desktop\group10_Verbicki\Lab_verbickiy_2\Lab_verbickiy_2\Debug\link.4948-cvtres.read.1.tlog
C:\Users\V-TUNE\Desktop\group10_Verbicki\Lab_verbickiy_2\Lab_verbickiy_2\Debug\link.4948-cvtres.write.1.tlog
C:\Users\V-TUNE\Desktop\group10_Verbicki\Lab_verbickiy_2\Lab_verbickiy_2\Debug\link.4948-rc.read.1.tlog
C:\Users\V-TUNE\Desktop\group10_Verbicki\Lab_verbickiy_2\Lab_verbickiy_2\Debug\link.4948-rc.write.1.tlog
C:\Users\V-TUNE\Desktop\group10_Verbicki\Lab_verbickiy_2\Lab_verbickiy_2\Debug\link.4948.read.1.tlog
C:\Users\V-TUNE\Desktop\group10_Verbicki\Lab_verbickiy_2\Lab_verbickiy_2\Debug\link.4948.write.1.tlog
C:\Users\V-TUNE\Desktop\group10_Verbicki\Lab_verbickiy_2\Lab_verbickiy_2\Debug\link.5100-cvtres.read.1.tlog
C:\Users\V-TUNE\Desktop\group10_Verbicki\Lab_verbickiy_2\Lab_verbickiy_2\Debug\link.5100-cvtres.write.1.tlog
C:\Users\V-TUNE\Desktop\group10_Verbicki\Lab_verbickiy_2\Lab_verbickiy_2\Debug\link.5100-rc.read.1.tlog
C:\Users\V-TUNE\Desktop\group10_Verbicki\Lab_verbickiy_2\Lab_verbickiy_2\Debug\link.5100-rc.write.1.tlog
C:\Users\V-TUNE\Desktop\group10_Verbicki\Lab_verbickiy_2\Lab_verbickiy_2\Debug\link.5100.read.1.tlog
C:\Users\V-TUNE\Desktop\group10_Verbicki\Lab_verbickiy_2\Lab_verbickiy_2\Debug\link.5100.write.1.tlog
C:\Users\V-TUNE\Desktop\group10_Verbicki\Lab_verbickiy_2\Lab_verbickiy_2\Debug\link.5484-cvtres.read.1.tlog
C:\Users\V-TUNE\Desktop\group10_Verbicki\Lab_verbickiy_2\Lab_verbickiy_2\Debug\link.5484-cvtres.write.1.tlog
C:\Users\V-TUNE\Desktop\group10_Verbicki\Lab_verbickiy_2\Lab_verbickiy_2\Debug\link.5484-rc.read.1.tlog
C:\Users\V-TUNE\Desktop\group10_Verbicki\Lab_verbickiy_2\Lab_verbickiy_2\Debug\link.5484-rc.write.1.tlog
C:\Users\V-TUNE\Desktop\group10_Verbicki\Lab_verbickiy_2\Lab_verbickiy_2\Debug\link.5484.read.1.tlog
C:\Users\V-TUNE\Desktop\group10_Verbicki\Lab_verbickiy_2\Lab_verbickiy_2\Debug\link.5484.write.1.tlog
C:\Users\V-TUNE\Desktop\group10_Verbicki\Lab_verbickiy_2\Lab_verbickiy_2\Debug\link.5724-cvtres.read.1.tlog
C:\Users\V-TUNE\Desktop\group10_Verbicki\Lab_verbickiy_2\Lab_verbickiy_2\Debug\link.5724-cvtres.write.1.tlog
C:\Users\V-TUNE\Desktop\group10_Verbicki\Lab_verbickiy_2\Lab_verbickiy_2\Debug\link.5724-rc.read.1.tlog
C:\Users\V-TUNE\Desktop\group10_Verbicki\Lab_verbickiy_2\Lab_verbickiy_2\Debug\link.5724-rc.write.1.tlog
C:\Users\V-TUNE\Desktop\group10_Verbicki\Lab_verbickiy_2\Lab_verbickiy_2\Debug\link.5724.read.1.tlog
C:\Users\V-TUNE\Desktop\group10_Verbicki\Lab_verbickiy_2\Lab_verbickiy_2\Debug\link.5724.write.1.tlog
C:\Users\V-TUNE\Desktop\group10_Verbicki\Lab_verbickiy_2\Lab_verbickiy_2\Debug\link.580-cvtres.read.1.tlog
C:\Users\V-TUNE\Desktop\group10_Verbicki\Lab_verbickiy_2\Lab_verbickiy_2\Debug\link.580-cvtres.write.1.tlog
C:\Users\V-TUNE\Desktop\group10_Verbicki\Lab_verbickiy_2\Lab_verbickiy_2\Debug\link.580-rc.read.1.tlog
C:\Users\V-TUNE\Desktop\group10_Verbicki\Lab_verbickiy_2\Lab_verbickiy_2\Debug\link.580-rc.write.1.tlog
C:\Users\V-TUNE\Desktop\group10_Verbicki\Lab_verbickiy_2\Lab_verbickiy_2\Debug\link.580.read.1.tlog
C:\Users\V-TUNE\Desktop\group10_Verbicki\Lab_verbickiy_2\Lab_verbickiy_2\Debug\link.580.write.1.tlog
C:\Users\V-TUNE\Desktop\group10_Verbicki\Lab_verbickiy_2\Lab_verbickiy_2\Debug\link.5800-cvtres.read.1.tlog
C:\Users\V-TUNE\Desktop\group10_Verbicki\Lab_verbickiy_2\Lab_verbickiy_2\Debug\link.5800-cvtres.write.1.tlog
C:\Users\V-TUNE\Desktop\group10_Verbicki\Lab_verbickiy_2\Lab_verbickiy_2\Debug\link.5800-rc.read.1.tlog
C:\Users\V-TUNE\Desktop\group10_Verbicki\Lab_verbickiy_2\Lab_verbickiy_2\Debug\link.5800-rc.write.1.tlog
C:\Users\V-TUNE\Desktop\group10_Verbicki\Lab_verbickiy_2\Lab_verbickiy_2\Debug\link.5800.read.1.tlog
C:\Users\V-TUNE\Desktop\group10_Verbicki\Lab_verbickiy_2\Lab_verbickiy_2\Debug\link.5800.write.1.tlog
C:\Users\V-TUNE\Desktop\group10_Verbicki\Lab_verbickiy_2\Lab_verbickiy_2\Debug\link.584-cvtres.read.1.tlog
C:\Users\V-TUNE\Desktop\group10_Verbicki\Lab_verbickiy_2\Lab_verbickiy_2\Debug\link.584-cvtres.write.1.tlog
C:\Users\V-TUNE\Desktop\group10_Verbicki\Lab_verbickiy_2\Lab_verbickiy_2\Debug\link.584-rc.read.1.tlog
C:\Users\V-TUNE\Desktop\group10_Verbicki\Lab_verbickiy_2\Lab_verbickiy_2\Debug\link.584-rc.write.1.tlog
C:\Users\V-TUNE\Desktop\group10_Verbicki\Lab_verbickiy_2\Lab_verbickiy_2\Debug\link.584.read.1.tlog
C:\Users\V-TUNE\Desktop\group10_Verbicki\Lab_verbickiy_2\Lab_verbickiy_2\Debug\link.584.write.1.tlog
C:\Users\V-TUNE\Desktop\group10_Verbicki\Lab_verbickiy_2\Lab_verbickiy_2\Debug\link.5928-cvtres.read.1.tlog
C:\Users\V-TUNE\Desktop\group10_Verbicki\Lab_verbickiy_2\Lab_verbickiy_2\Debug\link.5928-cvtres.write.1.tlog
C:\Users\V-TUNE\Desktop\group10_Verbicki\Lab_verbickiy_2\Lab_verbickiy_2\Debug\link.5928-rc.read.1.tlog
C:\Users\V-TUNE\Desktop\group10_Verbicki\Lab_verbickiy_2\Lab_verbickiy_2\Debug\link.5928-rc.write.1.tlog
C:\Users\V-TUNE\Desktop\group10_Verbicki\Lab_verbickiy_2\Lab_verbickiy_2\Debug\link.5928.read.1.tlog
C:\Users\V-TUNE\Desktop\group10_Verbicki\Lab_verbickiy_2\Lab_verbickiy_2\Debug\link.5928.write.1.tlog
C:\Users\V-TUNE\Desktop\group10_Verbicki\Lab_verbickiy_2\Lab_verbickiy_2\Debug\link.6012-cvtres.read.1.tlog
C:\Users\V-TUNE\Desktop\group10_Verbicki\Lab_verbickiy_2\Lab_verbickiy_2\Debug\link.6012-cvtres.write.1.tlog
C:\Users\V-TUNE\Desktop\group10_Verbicki\Lab_verbickiy_2\Lab_verbickiy_2\Debug\link.6012-rc.read.1.tlog
C:\Users\V-TUNE\Desktop\group10_Verbicki\Lab_verbickiy_2\Lab_verbickiy_2\Debug\link.6012-rc.write.1.tlog
C:\Users\V-TUNE\Desktop\group10_Verbicki\Lab_verbickiy_2\Lab_verbickiy_2\Debug\link.6012.read.1.tlog
C:\Users\V-TUNE\Desktop\group10_Verbicki\Lab_verbickiy_2\Lab_verbickiy_2\Debug\link.6012.write.1.tlog
C:\Users\V-TUNE\Desktop\group10_Verbicki\Lab_verbickiy_2\Lab_verbickiy_2\Debug\link.6060-cvtres.read.1.tlog
C:\Users\V-TUNE\Desktop\group10_Verbicki\Lab_verbickiy_2\Lab_verbickiy_2\Debug\link.6060-cvtres.write.1.tlog
C:\Users\V-TUNE\Desktop\group10_Verbicki\Lab_verbickiy_2\Lab_verbickiy_2\Debug\link.6060-rc.read.1.tlog
C:\Users\V-TUNE\Desktop\group10_Verbicki\Lab_verbickiy_2\Lab_verbickiy_2\Debug\link.6060-rc.write.1.tlog
C:\Users\V-TUNE\Desktop\group10_Verbicki\Lab_verbickiy_2\Lab_verbickiy_2\Debug\link.6060.read.1.tlog
C:\Users\V-TUNE\Desktop\group10_Verbicki\Lab_verbickiy_2\Lab_verbickiy_2\Debug\link.6060.write.1.tlog
C:\Users\V-TUNE\Desktop\group10_Verbicki\Lab_verbickiy_2\Lab_verbickiy_2\Debug\link.6148-cvtres.read.1.tlog
C:\Users\V-TUNE\Desktop\group10_Verbicki\Lab_verbickiy_2\Lab_verbickiy_2\Debug\link.6148-cvtres.write.1.tlog
C:\Users\V-TUNE\Desktop\group10_Verbicki\Lab_verbickiy_2\Lab_verbickiy_2\Debug\link.6148-rc.read.1.tlog
C:\Users\V-TUNE\Desktop\group10_Verbicki\Lab_verbickiy_2\Lab_verbickiy_2\Debug\link.6148-rc.write.1.tlog
C:\Users\V-TUNE\Desktop\group10_Verbicki\Lab_verbickiy_2\Lab_verbickiy_2\Debug\link.6148.read.1.tlog
C:\Users\V-TUNE\Desktop\group10_Verbicki\Lab_verbickiy_2\Lab_verbickiy_2\Debug\link.6148.write.1.tlog
C:\Users\V-TUNE\Desktop\group10_Verbicki\Lab_verbickiy_2\Lab_verbickiy_2\Debug\link.6276-cvtres.read.1.tlog
C:\Users\V-TUNE\Desktop\group10_Verbicki\Lab_verbickiy_2\Lab_verbickiy_2\Debug\link.6276-cvtres.write.1.tlog
C:\Users\V-TUNE\Desktop\group10_Verbicki\Lab_verbickiy_2\Lab_verbickiy_2\Debug\link.6276-rc.read.1.tlog
C:\Users\V-TUNE\Desktop\group10_Verbicki\Lab_verbickiy_2\Lab_verbickiy_2\Debug\link.6276-rc.write.1.tlog
C:\Users\V-TUNE\Desktop\group10_Verbicki\Lab_verbickiy_2\Lab_verbickiy_2\Debug\link.6276.read.1.tlog
C:\Users\V-TUNE\Desktop\group10_Verbicki\Lab_verbickiy_2\Lab_verbickiy_2\Debug\link.6276.write.1.tlog
C:\Users\V-TUNE\Desktop\group10_Verbicki\Lab_verbickiy_2\Lab_verbickiy_2\Debug\link.6288-cvtres.read.1.tlog
C:\Users\V-TUNE\Desktop\group10_Verbicki\Lab_verbickiy_2\Lab_verbickiy_2\Debug\link.6288-cvtres.write.1.tlog
C:\Users\V-TUNE\Desktop\group10_Verbicki\Lab_verbickiy_2\Lab_verbickiy_2\Debug\link.6288-rc.read.1.tlog
C:\Users\V-TUNE\Desktop\group10_Verbicki\Lab_verbickiy_2\Lab_verbickiy_2\Debug\link.6288-rc.write.1.tlog
C:\Users\V-TUNE\Desktop\group10_Verbicki\Lab_verbickiy_2\Lab_verbickiy_2\Debug\link.6288.read.1.tlog
C:\Users\V-TUNE\Desktop\group10_Verbicki\Lab_verbickiy_2\Lab_verbickiy_2\Debug\link.6288.write.1.tlog
C:\Users\V-TUNE\Desktop\group10_Verbicki\Lab_verbickiy_2\Lab_verbickiy_2\Debug\link.6420-cvtres.read.1.tlog
C:\Users\V-TUNE\Desktop\group10_Verbicki\Lab_verbickiy_2\Lab_verbickiy_2\Debug\link.6420-cvtres.write.1.tlog
C:\Users\V-TUNE\Desktop\group10_Verbicki\Lab_verbickiy_2\Lab_verbickiy_2\Debug\link.6420-rc.read.1.tlog
C:\Users\V-TUNE\Desktop\group10_Verbicki\Lab_verbickiy_2\Lab_verbickiy_2\Debug\link.6420-rc.write.1.tlog
C:\Users\V-TUNE\Desktop\group10_Verbicki\Lab_verbickiy_2\Lab_verbickiy_2\Debug\link.6420.read.1.tlog
C:\Users\V-TUNE\Desktop\group10_Verbicki\Lab_verbickiy_2\Lab_verbickiy_2\Debug\link.6420.write.1.tlog
C:\Users\V-TUNE\Desktop\group10_Verbicki\Lab_verbickiy_2\Lab_verbickiy_2\Debug\link.6480-cvtres.read.1.tlog
C:\Users\V-TUNE\Desktop\group10_Verbicki\Lab_verbickiy_2\Lab_verbickiy_2\Debug\link.6480-cvtres.write.1.tlog
C:\Users\V-TUNE\Desktop\group10_Verbicki\Lab_verbickiy_2\Lab_verbickiy_2\Debug\link.6480-rc.read.1.tlog
C:\Users\V-TUNE\Desktop\group10_Verbicki\Lab_verbickiy_2\Lab_verbickiy_2\Debug\link.6480-rc.write.1.tlog
C:\Users\V-TUNE\Desktop\group10_Verbicki\Lab_verbickiy_2\Lab_verbickiy_2\Debug\link.6480.read.1.tlog
C:\Users\V-TUNE\Desktop\group10_Verbicki\Lab_verbickiy_2\Lab_verbickiy_2\Debug\link.6480.write.1.tlog
C:\Users\V-TUNE\Desktop\group10_Verbicki\Lab_verbickiy_2\Lab_verbickiy_2\Debug\link.6688-cvtres.read.1.tlog
C:\Users\V-TUNE\Desktop\group10_Verbicki\Lab_verbickiy_2\Lab_verbickiy_2\Debug\link.6688-cvtres.write.1.tlog
C:\Users\V-TUNE\Desktop\group10_Verbicki\Lab_verbickiy_2\Lab_verbickiy_2\Debug\link.6688-rc.read.1.tlog
C:\Users\V-TUNE\Desktop\group10_Verbicki\Lab_verbickiy_2\Lab_verbickiy_2\Debug\link.6688-rc.write.1.tlog
C:\Users\V-TUNE\Desktop\group10_Verbicki\Lab_verbickiy_2\Lab_verbickiy_2\Debug\link.6688.read.1.tlog
C:\Users\V-TUNE\Desktop\group10_Verbicki\Lab_verbickiy_2\Lab_verbickiy_2\Debug\link.6688.write.1.tlog
C:\Users\V-TUNE\Desktop\group10_Verbicki\Lab_verbickiy_2\Lab_verbickiy_2\Debug\link.6692-cvtres.read.1.tlog
C:\Users\V-TUNE\Desktop\group10_Verbicki\Lab_verbickiy_2\Lab_verbickiy_2\Debug\link.6692-cvtres.write.1.tlog
C:\Users\V-TUNE\Desktop\group10_Verbicki\Lab_verbickiy_2\Lab_verbickiy_2\Debug\link.6692-rc.read.1.tlog
C:\Users\V-TUNE\Desktop\group10_Verbicki\Lab_verbickiy_2\Lab_verbickiy_2\Debug\link.6692-rc.write.1.tlog
C:\Users\V-TUNE\Desktop\group10_Verbicki\Lab_verbickiy_2\Lab_verbickiy_2\Debug\link.6692.read.1.tlog
C:\Users\V-TUNE\Desktop\group10_Verbicki\Lab_verbickiy_2\Lab_verbickiy_2\Debug\link.6692.write.1.tlog
C:\Users\V-TUNE\Desktop\group10_Verbicki\Lab_verbickiy_2\Lab_verbickiy_2\Debug\link.6936-cvtres.read.1.tlog
C:\Users\V-TUNE\Desktop\group10_Verbicki\Lab_verbickiy_2\Lab_verbickiy_2\Debug\link.6936-cvtres.write.1.tlog
C:\Users\V-TUNE\Desktop\group10_Verbicki\Lab_verbickiy_2\Lab_verbickiy_2\Debug\link.6936-rc.read.1.tlog
C:\Users\V-TUNE\Desktop\group10_Verbicki\Lab_verbickiy_2\Lab_verbickiy_2\Debug\link.6936-rc.write.1.tlog
C:\Users\V-TUNE\Desktop\group10_Verbicki\Lab_verbickiy_2\Lab_verbickiy_2\Debug\link.6936.read.1.tlog
C:\Users\V-TUNE\Desktop\group10_Verbicki\Lab_verbickiy_2\Lab_verbickiy_2\Debug\link.6936.write.1.tlog
C:\Users\V-TUNE\Desktop\group10_Verbicki\Lab_verbickiy_2\Lab_verbickiy_2\Debug\link.7100-cvtres.read.1.tlog
C:\Users\V-TUNE\Desktop\group10_Verbicki\Lab_verbickiy_2\Lab_verbickiy_2\Debug\link.7100-cvtres.write.1.tlog
C:\Users\V-TUNE\Desktop\group10_Verbicki\Lab_verbickiy_2\Lab_verbickiy_2\Debug\link.7100-rc.read.1.tlog
C:\Users\V-TUNE\Desktop\group10_Verbicki\Lab_verbickiy_2\Lab_verbickiy_2\Debug\link.7100-rc.write.1.tlog
C:\Users\V-TUNE\Desktop\group10_Verbicki\Lab_verbickiy_2\Lab_verbickiy_2\Debug\link.7100.read.1.tlog
C:\Users\V-TUNE\Desktop\group10_Verbicki\Lab_verbickiy_2\Lab_verbickiy_2\Debug\link.7100.write.1.tlog
C:\Users\V-TUNE\Desktop\group10_Verbicki\Lab_verbickiy_2\Lab_verbickiy_2\Debug\link.7104-cvtres.read.1.tlog
C:\Users\V-TUNE\Desktop\group10_Verbicki\Lab_verbickiy_2\Lab_verbickiy_2\Debug\link.7104-cvtres.write.1.tlog
C:\Users\V-TUNE\Desktop\group10_Verbicki\Lab_verbickiy_2\Lab_verbickiy_2\Debug\link.7104-rc.read.1.tlog
C:\Users\V-TUNE\Desktop\group10_Verbicki\Lab_verbickiy_2\Lab_verbickiy_2\Debug\link.7104-rc.write.1.tlog
C:\Users\V-TUNE\Desktop\group10_Verbicki\Lab_verbickiy_2\Lab_verbickiy_2\Debug\link.7104.read.1.tlog
C:\Users\V-TUNE\Desktop\group10_Verbicki\Lab_verbickiy_2\Lab_verbickiy_2\Debug\link.7104.write.1.tlog
C:\Users\V-TUNE\Desktop\group10_Verbicki\Lab_verbickiy_2\Lab_verbickiy_2\Debug\link.7700-cvtres.read.1.tlog
C:\Users\V-TUNE\Desktop\group10_Verbicki\Lab_verbickiy_2\Lab_verbickiy_2\Debug\link.7700-cvtres.write.1.tlog
C:\Users\V-TUNE\Desktop\group10_Verbicki\Lab_verbickiy_2\Lab_verbickiy_2\Debug\link.7700-rc.read.1.tlog
C:\Users\V-TUNE\Desktop\group10_Verbicki\Lab_verbickiy_2\Lab_verbickiy_2\Debug\link.7700-rc.write.1.tlog
C:\Users\V-TUNE\Desktop\group10_Verbicki\Lab_verbickiy_2\Lab_verbickiy_2\Debug\link.7700.read.1.tlog
C:\Users\V-TUNE\Desktop\group10_Verbicki\Lab_verbickiy_2\Lab_verbickiy_2\Debug\link.7700.write.1.tlog
C:\Users\V-TUNE\Desktop\group10_Verbicki\Lab_verbickiy_2\Lab_verbickiy_2\Debug\link.7984-cvtres.read.1.tlog
C:\Users\V-TUNE\Desktop\group10_Verbicki\Lab_verbickiy_2\Lab_verbickiy_2\Debug\link.7984-cvtres.write.1.tlog
C:\Users\V-TUNE\Desktop\group10_Verbicki\Lab_verbickiy_2\Lab_verbickiy_2\Debug\link.7984-rc.read.1.tlog
C:\Users\V-TUNE\Desktop\group10_Verbicki\Lab_verbickiy_2\Lab_verbickiy_2\Debug\link.7984-rc.write.1.tlog
C:\Users\V-TUNE\Desktop\group10_Verbicki\Lab_verbickiy_2\Lab_verbickiy_2\Debug\link.7984.read.1.tlog
C:\Users\V-TUNE\Desktop\group10_Verbicki\Lab_verbickiy_2\Lab_verbickiy_2\Debug\link.7984.write.1.tlog
C:\Users\V-TUNE\Desktop\group10_Verbicki\Lab_verbickiy_2\Lab_verbickiy_2\Debug\link.8024-cvtres.read.1.tlog
C:\Users\V-TUNE\Desktop\group10_Verbicki\Lab_verbickiy_2\Lab_verbickiy_2\Debug\link.8024-cvtres.write.1.tlog
C:\Users\V-TUNE\Desktop\group10_Verbicki\Lab_verbickiy_2\Lab_verbickiy_2\Debug\link.8024-rc.read.1.tlog
C:\Users\V-TUNE\Desktop\group10_Verbicki\Lab_verbickiy_2\Lab_verbickiy_2\Debug\link.8024-rc.write.1.tlog
C:\Users\V-TUNE\Desktop\group10_Verbicki\Lab_verbickiy_2\Lab_verbickiy_2\Debug\link.8024.read.1.tlog
C:\Users\V-TUNE\Desktop\group10_Verbicki\Lab_verbickiy_2\Lab_verbickiy_2\Debug\link.8024.write.1.tlog
C:\Users\V-TUNE\Desktop\group10_Verbicki\Lab_verbickiy_2\Lab_verbickiy_2\Debug\link.8128-cvtres.read.1.tlog
C:\Users\V-TUNE\Desktop\group10_Verbicki\Lab_verbickiy_2\Lab_verbickiy_2\Debug\link.8128-cvtres.write.1.tlog
C:\Users\V-TUNE\Desktop\group10_Verbicki\Lab_verbickiy_2\Lab_verbickiy_2\Debug\link.8128-rc.read.1.tlog
C:\Users\V-TUNE\Desktop\group10_Verbicki\Lab_verbickiy_2\Lab_verbickiy_2\Debug\link.8128-rc.write.1.tlog
C:\Users\V-TUNE\Desktop\group10_Verbicki\Lab_verbickiy_2\Lab_verbickiy_2\Debug\link.8128.read.1.tlog
C:\Users\V-TUNE\Desktop\group10_Verbicki\Lab_verbickiy_2\Lab_verbickiy_2\Debug\link.8128.write.1.tlog
C:\Users\V-TUNE\Desktop\group10_Verbicki\Lab_verbickiy_2\Lab_verbickiy_2\Debug\link.816-cvtres.read.1.tlog
C:\Users\V-TUNE\Desktop\group10_Verbicki\Lab_verbickiy_2\Lab_verbickiy_2\Debug\link.816-cvtres.write.1.tlog
C:\Users\V-TUNE\Desktop\group10_Verbicki\Lab_verbickiy_2\Lab_verbickiy_2\Debug\link.816-rc.read.1.tlog
C:\Users\V-TUNE\Desktop\group10_Verbicki\Lab_verbickiy_2\Lab_verbickiy_2\Debug\link.816-rc.write.1.tlog
C:\Users\V-TUNE\Desktop\group10_Verbicki\Lab_verbickiy_2\Lab_verbickiy_2\Debug\link.816.read.1.tlog
C:\Users\V-TUNE\Desktop\group10_Verbicki\Lab_verbickiy_2\Lab_verbickiy_2\Debug\link.816.write.1.tlog
C:\Users\V-TUNE\Desktop\group10_Verbicki\Lab_verbickiy_2\Lab_verbickiy_2\Debug\link.820-cvtres.read.1.tlog
C:\Users\V-TUNE\Desktop\group10_Verbicki\Lab_verbickiy_2\Lab_verbickiy_2\Debug\link.820-cvtres.write.1.tlog
C:\Users\V-TUNE\Desktop\group10_Verbicki\Lab_verbickiy_2\Lab_verbickiy_2\Debug\link.820-rc.read.1.tlog
C:\Users\V-TUNE\Desktop\group10_Verbicki\Lab_verbickiy_2\Lab_verbickiy_2\Debug\link.820-rc.write.1.tlog
C:\Users\V-TUNE\Desktop\group10_Verbicki\Lab_verbickiy_2\Lab_verbickiy_2\Debug\link.820.read.1.tlog
C:\Users\V-TUNE\Desktop\group10_Verbicki\Lab_verbickiy_2\Lab_verbickiy_2\Debug\link.820.write.1.tlog
C:\Users\V-TUNE\Desktop\group10_Verbicki\Lab_verbickiy_2\Lab_verbickiy_2\Debug\link.8228-cvtres.read.1.tlog
C:\Users\V-TUNE\Desktop\group10_Verbicki\Lab_verbickiy_2\Lab_verbickiy_2\Debug\link.8228-cvtres.write.1.tlog
C:\Users\V-TUNE\Desktop\group10_Verbicki\Lab_verbickiy_2\Lab_verbickiy_2\Debug\link.8228-rc.read.1.tlog
C:\Users\V-TUNE\Desktop\group10_Verbicki\Lab_verbickiy_2\Lab_verbickiy_2\Debug\link.8228-rc.write.1.tlog
C:\Users\V-TUNE\Desktop\group10_Verbicki\Lab_verbickiy_2\Lab_verbickiy_2\Debug\link.8228.read.1.tlog
C:\Users\V-TUNE\Desktop\group10_Verbicki\Lab_verbickiy_2\Lab_verbickiy_2\Debug\link.8228.write.1.tlog
C:\Users\V-TUNE\Desktop\group10_Verbicki\Lab_verbickiy_2\Lab_verbickiy_2\Debug\link.8288-cvtres.read.1.tlog
C:\Users\V-TUNE\Desktop\group10_Verbicki\Lab_verbickiy_2\Lab_verbickiy_2\Debug\link.8288-cvtres.write.1.tlog
C:\Users\V-TUNE\Desktop\group10_Verbicki\Lab_verbickiy_2\Lab_verbickiy_2\Debug\link.8288-rc.read.1.tlog
C:\Users\V-TUNE\Desktop\group10_Verbicki\Lab_verbickiy_2\Lab_verbickiy_2\Debug\link.8288-rc.write.1.tlog
C:\Users\V-TUNE\Desktop\group10_Verbicki\Lab_verbickiy_2\Lab_verbickiy_2\Debug\link.8288.read.1.tlog
C:\Users\V-TUNE\Desktop\group10_Verbicki\Lab_verbickiy_2\Lab_verbickiy_2\Debug\link.8288.write.1.tlog
C:\Users\V-TUNE\Desktop\group10_Verbicki\Lab_verbickiy_2\Lab_verbickiy_2\Debug\link.8496-cvtres.read.1.tlog
C:\Users\V-TUNE\Desktop\group10_Verbicki\Lab_verbickiy_2\Lab_verbickiy_2\Debug\link.8496-cvtres.write.1.tlog
C:\Users\V-TUNE\Desktop\group10_Verbicki\Lab_verbickiy_2\Lab_verbickiy_2\Debug\link.8496-rc.read.1.tlog
C:\Users\V-TUNE\Desktop\group10_Verbicki\Lab_verbickiy_2\Lab_verbickiy_2\Debug\link.8496-rc.write.1.tlog
C:\Users\V-TUNE\Desktop\group10_Verbicki\Lab_verbickiy_2\Lab_verbickiy_2\Debug\link.8496.read.1.tlog
C:\Users\V-TUNE\Desktop\group10_Verbicki\Lab_verbickiy_2\Lab_verbickiy_2\Debug\link.8496.write.1.tlog
C:\Users\V-TUNE\Desktop\group10_Verbicki\Lab_verbickiy_2\Lab_verbickiy_2\Debug\link.8536-cvtres.read.1.tlog
C:\Users\V-TUNE\Desktop\group10_Verbicki\Lab_verbickiy_2\Lab_verbickiy_2\Debug\link.8536-cvtres.write.1.tlog
C:\Users\V-TUNE\Desktop\group10_Verbicki\Lab_verbickiy_2\Lab_verbickiy_2\Debug\link.8536-rc.read.1.tlog
C:\Users\V-TUNE\Desktop\group10_Verbicki\Lab_verbickiy_2\Lab_verbickiy_2\Debug\link.8536-rc.write.1.tlog
C:\Users\V-TUNE\Desktop\group10_Verbicki\Lab_verbickiy_2\Lab_verbickiy_2\Debug\link.8536.read.1.tlog
C:\Users\V-TUNE\Desktop\group10_Verbicki\Lab_verbickiy_2\Lab_verbickiy_2\Debug\link.8536.write.1.tlog
C:\Users\V-TUNE\Desktop\group10_Verbicki\Lab_verbickiy_2\Lab_verbickiy_2\Debug\link.8740-cvtres.read.1.tlog
C:\Users\V-TUNE\Desktop\group10_Verbicki\Lab_verbickiy_2\Lab_verbickiy_2\Debug\link.8740-cvtres.write.1.tlog
C:\Users\V-TUNE\Desktop\group10_Verbicki\Lab_verbickiy_2\Lab_verbickiy_2\Debug\link.8740-rc.read.1.tlog
C:\Users\V-TUNE\Desktop\group10_Verbicki\Lab_verbickiy_2\Lab_verbickiy_2\Debug\link.8740-rc.write.1.tlog
C:\Users\V-TUNE\Desktop\group10_Verbicki\Lab_verbickiy_2\Lab_verbickiy_2\Debug\link.8740.read.1.tlog
C:\Users\V-TUNE\Desktop\group10_Verbicki\Lab_verbickiy_2\Lab_verbickiy_2\Debug\link.8740.write.1.tlog
C:\Users\V-TUNE\Desktop\group10_Verbicki\Lab_verbickiy_2\Lab_verbickiy_2\Debug\link.8768-cvtres.read.1.tlog
C:\Users\V-TUNE\Desktop\group10_Verbicki\Lab_verbickiy_2\Lab_verbickiy_2\Debug\link.8768-cvtres.write.1.tlog
C:\Users\V-TUNE\Desktop\group10_Verbicki\Lab_verbickiy_2\Lab_verbickiy_2\Debug\link.8768-rc.read.1.tlog
C:\Users\V-TUNE\Desktop\group10_Verbicki\Lab_verbickiy_2\Lab_verbickiy_2\Debug\link.8768-rc.write.1.tlog
C:\Users\V-TUNE\Desktop\group10_Verbicki\Lab_verbickiy_2\Lab_verbickiy_2\Debug\link.8768.read.1.tlog
C:\Users\V-TUNE\Desktop\group10_Verbicki\Lab_verbickiy_2\Lab_verbickiy_2\Debug\link.8768.write.1.tlog
C:\Users\V-TUNE\Desktop\group10_Verbicki\Lab_verbickiy_2\Lab_verbickiy_2\Debug\link.8780-cvtres.read.1.tlog
C:\Users\V-TUNE\Desktop\group10_Verbicki\Lab_verbickiy_2\Lab_verbickiy_2\Debug\link.8780-cvtres.write.1.tlog
C:\Users\V-TUNE\Desktop\group10_Verbicki\Lab_verbickiy_2\Lab_verbickiy_2\Debug\link.8780-rc.read.1.tlog
C:\Users\V-TUNE\Desktop\group10_Verbicki\Lab_verbickiy_2\Lab_verbickiy_2\Debug\link.8780-rc.write.1.tlog
C:\Users\V-TUNE\Desktop\group10_Verbicki\Lab_verbickiy_2\Lab_verbickiy_2\Debug\link.8780.read.1.tlog
C:\Users\V-TUNE\Desktop\group10_Verbicki\Lab_verbickiy_2\Lab_verbickiy_2\Debug\link.8780.write.1.tlog
C:\Users\V-TUNE\Desktop\group10_Verbicki\Lab_verbickiy_2\Lab_verbickiy_2\Debug\link.8912-cvtres.read.1.tlog
C:\Users\V-TUNE\Desktop\group10_Verbicki\Lab_verbickiy_2\Lab_verbickiy_2\Debug\link.8912-cvtres.write.1.tlog
C:\Users\V-TUNE\Desktop\group10_Verbicki\Lab_verbickiy_2\Lab_verbickiy_2\Debug\link.8912-rc.read.1.tlog
C:\Users\V-TUNE\Desktop\group10_Verbicki\Lab_verbickiy_2\Lab_verbickiy_2\Debug\link.8912-rc.write.1.tlog
C:\Users\V-TUNE\Desktop\group10_Verbicki\Lab_verbickiy_2\Lab_verbickiy_2\Debug\link.8912.read.1.tlog
C:\Users\V-TUNE\Desktop\group10_Verbicki\Lab_verbickiy_2\Lab_verbickiy_2\Debug\link.8912.write.1.tlog
C:\Users\V-TUNE\Desktop\group10_Verbicki\Lab_verbickiy_2\Lab_verbickiy_2\Debug\link.9092-cvtres.read.1.tlog
C:\Users\V-TUNE\Desktop\group10_Verbicki\Lab_verbickiy_2\Lab_verbickiy_2\Debug\link.9092-cvtres.write.1.tlog
C:\Users\V-TUNE\Desktop\group10_Verbicki\Lab_verbickiy_2\Lab_verbickiy_2\Debug\link.9092-rc.read.1.tlog
C:\Users\V-TUNE\Desktop\group10_Verbicki\Lab_verbickiy_2\Lab_verbickiy_2\Debug\link.9092-rc.write.1.tlog
C:\Users\V-TUNE\Desktop\group10_Verbicki\Lab_verbickiy_2\Lab_verbickiy_2\Debug\link.9092.read.1.tlog
C:\Users\V-TUNE\Desktop\group10_Verbicki\Lab_verbickiy_2\Lab_verbickiy_2\Debug\link.9092.write.1.tlog
C:\Users\V-TUNE\Desktop\group10_Verbicki\Lab_verbickiy_2\Lab_verbickiy_2\Debug\link.9100-cvtres.read.1.tlog
C:\Users\V-TUNE\Desktop\group10_Verbicki\Lab_verbickiy_2\Lab_verbickiy_2\Debug\link.9100-cvtres.write.1.tlog
C:\Users\V-TUNE\Desktop\group10_Verbicki\Lab_verbickiy_2\Lab_verbickiy_2\Debug\link.9100-rc.read.1.tlog
C:\Users\V-TUNE\Desktop\group10_Verbicki\Lab_verbickiy_2\Lab_verbickiy_2\Debug\link.9100-rc.write.1.tlog
C:\Users\V-TUNE\Desktop\group10_Verbicki\Lab_verbickiy_2\Lab_verbickiy_2\Debug\link.9100.read.1.tlog
C:\Users\V-TUNE\Desktop\group10_Verbicki\Lab_verbickiy_2\Lab_verbickiy_2\Debug\link.9100.write.1.tlog
C:\Users\V-TUNE\Desktop\group10_Verbicki\Lab_verbickiy_2\Lab_verbickiy_2\Debug\link.912-cvtres.read.1.tlog
C:\Users\V-TUNE\Desktop\group10_Verbicki\Lab_verbickiy_2\Lab_verbickiy_2\Debug\link.912-cvtres.write.1.tlog
C:\Users\V-TUNE\Desktop\group10_Verbicki\Lab_verbickiy_2\Lab_verbickiy_2\Debug\link.912-rc.read.1.tlog
C:\Users\V-TUNE\Desktop\group10_Verbicki\Lab_verbickiy_2\Lab_verbickiy_2\Debug\link.912-rc.write.1.tlog
C:\Users\V-TUNE\Desktop\group10_Verbicki\Lab_verbickiy_2\Lab_verbickiy_2\Debug\link.912.read.1.tlog
C:\Users\V-TUNE\Desktop\group10_Verbicki\Lab_verbickiy_2\Lab_verbickiy_2\Debug\link.912.write.1.tlog
C:\Users\V-TUNE\Desktop\group10_Verbicki\Lab_verbickiy_2\Lab_verbickiy_2\Debug\link.9288-cvtres.read.1.tlog
C:\Users\V-TUNE\Desktop\group10_Verbicki\Lab_verbickiy_2\Lab_verbickiy_2\Debug\link.9288-cvtres.write.1.tlog
C:\Users\V-TUNE\Desktop\group10_Verbicki\Lab_verbickiy_2\Lab_verbickiy_2\Debug\link.9288-rc.read.1.tlog
C:\Users\V-TUNE\Desktop\group10_Verbicki\Lab_verbickiy_2\Lab_verbickiy_2\Debug\link.9288-rc.write.1.tlog
C:\Users\V-TUNE\Desktop\group10_Verbicki\Lab_verbickiy_2\Lab_verbickiy_2\Debug\link.9288.read.1.tlog
C:\Users\V-TUNE\Desktop\group10_Verbicki\Lab_verbickiy_2\Lab_verbickiy_2\Debug\link.9288.write.1.tlog
C:\Users\V-TUNE\Desktop\group10_Verbicki\Lab_verbickiy_2\Lab_verbickiy_2\Debug\link.9316-cvtres.read.1.tlog
C:\Users\V-TUNE\Desktop\group10_Verbicki\Lab_verbickiy_2\Lab_verbickiy_2\Debug\link.9316-cvtres.write.1.tlog
C:\Users\V-TUNE\Desktop\group10_Verbicki\Lab_verbickiy_2\Lab_verbickiy_2\Debug\link.9316-rc.read.1.tlog
C:\Users\V-TUNE\Desktop\group10_Verbicki\Lab_verbickiy_2\Lab_verbickiy_2\Debug\link.9316-rc.write.1.tlog
C:\Users\V-TUNE\Desktop\group10_Verbicki\Lab_verbickiy_2\Lab_verbickiy_2\Debug\link.9316.read.1.tlog
C:\Users\V-TUNE\Desktop\group10_Verbicki\Lab_verbickiy_2\Lab_verbickiy_2\Debug\link.9316.write.1.tlog
C:\Users\V-TUNE\Desktop\group10_Verbicki\Lab_verbickiy_2\Lab_verbickiy_2\Debug\link.932-cvtres.read.1.tlog
C:\Users\V-TUNE\Desktop\group10_Verbicki\Lab_verbickiy_2\Lab_verbickiy_2\Debug\link.932-cvtres.write.1.tlog
C:\Users\V-TUNE\Desktop\group10_Verbicki\Lab_verbickiy_2\Lab_verbickiy_2\Debug\link.932-rc.read.1.tlog
C:\Users\V-TUNE\Desktop\group10_Verbicki\Lab_verbickiy_2\Lab_verbickiy_2\Debug\link.932-rc.write.1.tlog
C:\Users\V-TUNE\Desktop\group10_Verbicki\Lab_verbickiy_2\Lab_verbickiy_2\Debug\link.932.read.1.tlog
C:\Users\V-TUNE\Desktop\group10_Verbicki\Lab_verbickiy_2\Lab_verbickiy_2\Debug\link.932.write.1.tlog
C:\Users\V-TUNE\Desktop\group10_Verbicki\Lab_verbickiy_2\Lab_verbickiy_2\Debug\link.9448-cvtres.read.1.tlog
C:\Users\V-TUNE\Desktop\group10_Verbicki\Lab_verbickiy_2\Lab_verbickiy_2\Debug\link.9448-cvtres.write.1.tlog
C:\Users\V-TUNE\Desktop\group10_Verbicki\Lab_verbickiy_2\Lab_verbickiy_2\Debug\link.9448-rc.read.1.tlog
C:\Users\V-TUNE\Desktop\group10_Verbicki\Lab_verbickiy_2\Lab_verbickiy_2\Debug\link.9448-rc.write.1.tlog
C:\Users\V-TUNE\Desktop\group10_Verbicki\Lab_verbickiy_2\Lab_verbickiy_2\Debug\link.9448.read.1.tlog
C:\Users\V-TUNE\Desktop\group10_Verbicki\Lab_verbickiy_2\Lab_verbickiy_2\Debug\link.9448.write.1.tlog
C:\Users\V-TUNE\Desktop\group10_Verbicki\Lab_verbickiy_2\Lab_verbickiy_2\Debug\link.9696-cvtres.read.1.tlog
C:\Users\V-TUNE\Desktop\group10_Verbicki\Lab_verbickiy_2\Lab_verbickiy_2\Debug\link.9696-cvtres.write.1.tlog
C:\Users\V-TUNE\Desktop\group10_Verbicki\Lab_verbickiy_2\Lab_verbickiy_2\Debug\link.9696-rc.read.1.tlog
C:\Users\V-TUNE\Desktop\group10_Verbicki\Lab_verbickiy_2\Lab_verbickiy_2\Debug\link.9696-rc.write.1.tlog
C:\Users\V-TUNE\Desktop\group10_Verbicki\Lab_verbickiy_2\Lab_verbickiy_2\Debug\link.9696.read.1.tlog
C:\Users\V-TUNE\Desktop\group10_Verbicki\Lab_verbickiy_2\Lab_verbickiy_2\Debug\link.9696.write.1.tlog
C:\Users\V-TUNE\Desktop\group10_Verbicki\Lab_verbickiy_2\Lab_verbickiy_2\Debug\link.9748-cvtres.read.1.tlog
C:\Users\V-TUNE\Desktop\group10_Verbicki\Lab_verbickiy_2\Lab_verbickiy_2\Debug\link.9748-cvtres.write.1.tlog
C:\Users\V-TUNE\Desktop\group10_Verbicki\Lab_verbickiy_2\Lab_verbickiy_2\Debug\link.9748-rc.read.1.tlog
C:\Users\V-TUNE\Desktop\group10_Verbicki\Lab_verbickiy_2\Lab_verbickiy_2\Debug\link.9748-rc.write.1.tlog
C:\Users\V-TUNE\Desktop\group10_Verbicki\Lab_verbickiy_2\Lab_verbickiy_2\Debug\link.9748.read.1.tlog
C:\Users\V-TUNE\Desktop\group10_Verbicki\Lab_verbickiy_2\Lab_verbickiy_2\Debug\link.9748.write.1.tlog
C:\Users\V-TUNE\Desktop\group10_Verbicki\Lab_verbickiy_2\Lab_verbickiy_2\Debug\link.9768-cvtres.read.1.tlog
C:\Users\V-TUNE\Desktop\group10_Verbicki\Lab_verbickiy_2\Lab_verbickiy_2\Debug\link.9768-cvtres.write.1.tlog
C:\Users\V-TUNE\Desktop\group10_Verbicki\Lab_verbickiy_2\Lab_verbickiy_2\Debug\link.9768-rc.read.1.tlog
C:\Users\V-TUNE\Desktop\group10_Verbicki\Lab_verbickiy_2\Lab_verbickiy_2\Debug\link.9768-rc.write.1.tlog
C:\Users\V-TUNE\Desktop\group10_Verbicki\Lab_verbickiy_2\Lab_verbickiy_2\Debug\link.9768.read.1.tlog
C:\Users\V-TUNE\Desktop\group10_Verbicki\Lab_verbickiy_2\Lab_verbickiy_2\Debug\link.9768.write.1.tlog
C:\Users\V-TUNE\Desktop\group10_Verbicki\Lab_verbickiy_2\Lab_verbickiy_2\Debug\link.9820-cvtres.read.1.tlog
C:\Users\V-TUNE\Desktop\group10_Verbicki\Lab_verbickiy_2\Lab_verbickiy_2\Debug\link.9820-cvtres.write.1.tlog
C:\Users\V-TUNE\Desktop\group10_Verbicki\Lab_verbickiy_2\Lab_verbickiy_2\Debug\link.9820-rc.read.1.tlog
C:\Users\V-TUNE\Desktop\group10_Verbicki\Lab_verbickiy_2\Lab_verbickiy_2\Debug\link.9820-rc.write.1.tlog
C:\Users\V-TUNE\Desktop\group10_Verbicki\Lab_verbickiy_2\Lab_verbickiy_2\Debug\link.9820.read.1.tlog
C:\Users\V-TUNE\Desktop\group10_Verbicki\Lab_verbickiy_2\Lab_verbickiy_2\Debug\link.9820.write.1.tlog
C:\Users\V-TUNE\Desktop\group10_Verbicki\Lab_verbickiy_2\Lab_verbickiy_2\Debug\link.command.1.tlog
C:\Users\V-TUNE\Desktop\group10_Verbicki\Lab_verbickiy_2\Lab_verbickiy_2\Debug\link.read.1.tlog
C:\Users\V-TUNE\Desktop\group10_Verbicki\Lab_verbickiy_2\Lab_verbickiy_2\Debug\link.write.1.tlog
C:\Users\V-TUNE\Desktop\group10_Verbicki\Lab_verbickiy_2\Lab_verbickiy_2\Debug\metagen.read.1.tlog
C:\Users\V-TUNE\Desktop\group10_Verbicki\Lab_verbickiy_2\Lab_verbickiy_2\Debug\metagen.write.1.tlog
C:\Users\V-TUNE\Desktop\group10_Verbicki\Lab_verbickiy_2\Lab_verbickiy_2\Debug\vc110.pdb
C:\Users\V-TUNE\Desktop\group10_Verbicki\Lab_verbickiy_2\Lab_verbickiy_2\Debug\TZRES.DLL.bi
C:\Users\V-TUNE\Desktop\group10_Verbicki\Lab_verbickiy_2\Debug\Lab_verbickiy_2.pdb
C:\Users\V-TUNE\Desktop\group10_Verbicki\Lab_verbickiy_2\Debug\Lab_verbickiy_2.exe
C:\Users\V-TUNE\Desktop\group10_Verbicki\Lab_verbickiy_2\Debug\Lab_verbickiy_2.ilk
