Build started 20.12.2020 13:46:26.
     1>Project "C:\Users\V-TUNE\Desktop\group10_Verbicki\Lab_verbickiy_2\Lab_verbickiy_2\Lab_verbickiy_2.vcxproj" on node 2 (Build target(s)).
     1>ClCompile:
         C:\Program Files (x86)\Microsoft Visual Studio 11.0\VC\bin\CL.exe /c /AI"C:\Program Files (x86)\Reference Assemblies\Microsoft\Framework\.NETFramework\v4.5\\" /AI"C:\Program Files (x86)\Windows Kits\8.0\References\CommonConfiguration\Neutral" /AI"C:\Program Files (x86)\Reference Assemblies\Microsoft\Framework\.NETFramework\v4.5\Facades\\" /Zi /clr /nologo /W3 /WX- /Od /Oy- /D WIN32 /D _DEBUG /D _UNICODE /D UNICODE /EHa /MDd /GS /fp:precise /Zc:wchar_t /Zc:forScope /Fo"Debug\\" /Fd"Debug\vc110.pdb" /TP /FU"C:\Program Files (x86)\Reference Assemblies\Microsoft\Framework\.NETFramework\v4.5\mscorlib.dll" /FU"C:\Program Files (x86)\Reference Assemblies\Microsoft\Framework\.NETFramework\v4.5\System.Data.dll" /FU"C:\Program Files (x86)\Reference Assemblies\Microsoft\Framework\.NETFramework\v4.5\System.dll" /FU"C:\Program Files (x86)\Reference Assemblies\Microsoft\Framework\.NETFramework\v4.5\System.Drawing.dll" /FU"C:\Program Files (x86)\Reference Assemblies\Microsoft\Framework\.NETFramework\v4.5\System.Windows.Forms.dll" /FU"C:\Program Files (x86)\Reference Assemblies\Microsoft\Framework\.NETFramework\v4.5\System.Xml.dll" /analyze- /errorReport:prompt /clr:nostdlib Form3.cpp Form3_2.cpp
         Form3.cpp
     1>c:\users\v-tune\desktop\group10_verbicki\lab_verbickiy_2\lab_verbickiy_2\Form3.h(211): warning C4244: 'initializing' : conversion from '__int64' to 'int', possible loss of data
     1>c:\users\v-tune\desktop\group10_verbicki\lab_verbickiy_2\lab_verbickiy_2\Form3.h(212): warning C4244: 'initializing' : conversion from '__int64' to 'int', possible loss of data
     1>c:\users\v-tune\desktop\group10_verbicki\lab_verbickiy_2\lab_verbickiy_2\Form3.h(226): warning C4101: 'e' : unreferenced local variable
     1>c:\users\v-tune\desktop\group10_verbicki\lab_verbickiy_2\lab_verbickiy_2\Form3.h(247): warning C4244: 'initializing' : conversion from '__int64' to 'int', possible loss of data
     1>c:\users\v-tune\desktop\group10_verbicki\lab_verbickiy_2\lab_verbickiy_2\Form3.h(248): warning C4244: 'initializing' : conversion from '__int64' to 'int', possible loss of data
     1>c:\users\v-tune\desktop\group10_verbicki\lab_verbickiy_2\lab_verbickiy_2\Form3.h(262): warning C4101: 'e' : unreferenced local variable
     1>c:\users\v-tune\desktop\group10_verbicki\lab_verbickiy_2\lab_verbickiy_2\Form3.h(270): warning C4244: 'initializing' : conversion from '__int64' to 'int', possible loss of data
     1>c:\users\v-tune\desktop\group10_verbicki\lab_verbickiy_2\lab_verbickiy_2\Form3.h(271): warning C4244: 'initializing' : conversion from '__int64' to 'int', possible loss of data
     1>c:\users\v-tune\desktop\group10_verbicki\lab_verbickiy_2\lab_verbickiy_2\Form3.h(278): warning C4244: 'initializing' : conversion from 'double' to 'int', possible loss of data
     1>c:\users\v-tune\desktop\group10_verbicki\lab_verbickiy_2\lab_verbickiy_2\Form3.h(279): warning C4244: 'initializing' : conversion from 'double' to 'int', possible loss of data
     1>c:\users\v-tune\desktop\group10_verbicki\lab_verbickiy_2\lab_verbickiy_2\Form3.h(293): warning C4101: 'e' : unreferenced local variable
     1>c:\users\v-tune\desktop\group10_verbicki\lab_verbickiy_2\lab_verbickiy_2\Form3.h(301): warning C4244: 'initializing' : conversion from '__int64' to 'int', possible loss of data
     1>c:\users\v-tune\desktop\group10_verbicki\lab_verbickiy_2\lab_verbickiy_2\Form3.h(302): warning C4244: 'initializing' : conversion from '__int64' to 'int', possible loss of data
     1>c:\users\v-tune\desktop\group10_verbicki\lab_verbickiy_2\lab_verbickiy_2\Form3.h(316): warning C4101: 'e' : unreferenced local variable
     1>c:\users\v-tune\desktop\group10_verbicki\lab_verbickiy_2\lab_verbickiy_2\Form3.h(354): warning C4244: '+=' : conversion from 'double' to 'int', possible loss of data
         Form3_2.cpp
         Generating Code...
         C:\Program Files (x86)\Microsoft Visual Studio 11.0\VC\bin\CL.exe /c /Zi /clr /nologo /W3 /WX- /Od /Oy- /D WIN32 /D _DEBUG /D _UNICODE /D UNICODE /EHa /MDd /GS /fp:precise /Zc:wchar_t /Zc:forScope /Fo"Debug\\" /Fd"Debug\vc110.pdb" /TP /analyze- /errorReport:prompt "C:\Users\V-TUNE\AppData\Local\Temp\.NETFramework,Version=v4.5.AssemblyAttributes.cpp"
         .NETFramework,Version=v4.5.AssemblyAttributes.cpp
       Link:
         C:\Program Files (x86)\Microsoft Visual Studio 11.0\VC\bin\link.exe /ERRORREPORT:PROMPT /OUT:"C:\Users\V-TUNE\Desktop\group10_Verbicki\Lab_verbickiy_2\Debug\Lab_verbickiy_2.exe" /INCREMENTAL /NOLOGO /ASSEMBLYRESOURCE:Debug\Lab_verbickiy_2.Form3.resources /ASSEMBLYRESOURCE:Debug\Lab_verbickiy_2.Form3_2.resources /MANIFEST /MANIFESTUAC:"level='asInvoker' uiAccess='false'" /manifest:embed /DEBUG /PDB:"C:\Users\V-TUNE\Desktop\group10_Verbicki\Lab_verbickiy_2\Debug\Lab_verbickiy_2.pdb" /ASSEMBLYDEBUG /SUBSYSTEM:WINDOWS /TLBID:1 /ENTRY:"Main" /DYNAMICBASE /FIXED:NO /NXCOMPAT /MACHINE:X86 Debug\Form3.obj
         Debug\Form3_2.obj
         "Debug\.NETFramework,Version=v4.5.AssemblyAttributes.obj"
         Lab_verbickiy_2.vcxproj -> C:\Users\V-TUNE\Desktop\group10_Verbicki\Lab_verbickiy_2\Debug\Lab_verbickiy_2.exe
     1>Done Building Project "C:\Users\V-TUNE\Desktop\group10_Verbicki\Lab_verbickiy_2\Lab_verbickiy_2\Lab_verbickiy_2.vcxproj" (Build target(s)).

Build succeeded.

Time Elapsed 00:00:06.80
